## Footprint report - date 11/05/20 21:41:26
## Created by Pcbnew version kicad (5.1.7)-1
## Unit = mm, Angle = deg.

$BeginDESCRIPTION

$BOARD
upper_left_corner 81.582143 38.620000
lower_right_corner 249.720000 110.692501
$EndBOARD

$MODULE "H2"
reference "H2"
value "MountingHole"
footprint "MountingHole:MountingHole_2.2mm_M2_DIN965_Pad"
attribut virtual
position 235.400000 101.500000  orientation 0.00
layer front
$PAD "1"
Shape Circle Layer both
position  0.000000  0.000000  size  3.800000  3.800000  orientation 0.00
drill  2.200000
shape_offset  0.000000  0.000000
$EndPAD
$EndMODULE  H2

$MODULE "H1"
reference "H1"
value "MountingHole"
footprint "MountingHole:MountingHole_2.2mm_M2_DIN965_Pad"
attribut virtual
position 235.400000 93.500000  orientation 0.00
layer front
$PAD "1"
Shape Circle Layer both
position  0.000000  0.000000  size  3.800000  3.800000  orientation 0.00
drill  2.200000
shape_offset  0.000000  0.000000
$EndPAD
$EndMODULE  H1

$MODULE "U5"
reference "U5"
value "TCS34725FN"
footprint "AMS_TCS34725FN:AMS-TCS34725FN-MFG"
attribut smd
position 148.400000 97.500000  orientation 0.00
layer back
$PAD "6"
Shape CustomShape Layer back
position  0.750000  0.649999  size  0.400000  0.400000  orientation 0.00
drill  0.000000
shape_offset  0.000000  0.000000
$EndPAD
$PAD "5"
Shape CustomShape Layer back
position  0.750000 -0.000001  size  0.400000  0.400000  orientation 0.00
drill  0.000000
shape_offset  0.000000  0.000000
$EndPAD
$PAD "4"
Shape CustomShape Layer back
position  0.750000 -0.650001  size  0.400000  0.400000  orientation 0.00
drill  0.000000
shape_offset  0.000000  0.000000
$EndPAD
$PAD "3"
Shape CustomShape Layer back
position -0.750000 -0.650001  size  0.400000  0.400000  orientation 0.00
drill  0.000000
shape_offset  0.000000  0.000000
$EndPAD
$PAD "2"
Shape CustomShape Layer back
position -0.750000 -0.000001  size  0.400000  0.400000  orientation 0.00
drill  0.000000
shape_offset  0.000000  0.000000
$EndPAD
$PAD "1"
Shape Rect Layer back
position -0.750000  0.649999  size  1.000000  0.400000  orientation 0.00
drill  0.000000
shape_offset  0.000000  0.000000
$EndPAD
$EndMODULE  U5

$MODULE "U4"
reference "U4"
value "TCS34725FN"
footprint "AMS_TCS34725FN:AMS-TCS34725FN-MFG"
attribut smd
position 168.400000 97.500000  orientation 0.00
layer back
$PAD "6"
Shape CustomShape Layer back
position  0.750000  0.649999  size  0.400000  0.400000  orientation 0.00
drill  0.000000
shape_offset  0.000000  0.000000
$EndPAD
$PAD "5"
Shape CustomShape Layer back
position  0.750000 -0.000001  size  0.400000  0.400000  orientation 0.00
drill  0.000000
shape_offset  0.000000  0.000000
$EndPAD
$PAD "4"
Shape CustomShape Layer back
position  0.750000 -0.650001  size  0.400000  0.400000  orientation 0.00
drill  0.000000
shape_offset  0.000000  0.000000
$EndPAD
$PAD "3"
Shape CustomShape Layer back
position -0.750000 -0.650001  size  0.400000  0.400000  orientation 0.00
drill  0.000000
shape_offset  0.000000  0.000000
$EndPAD
$PAD "2"
Shape CustomShape Layer back
position -0.750000 -0.000001  size  0.400000  0.400000  orientation 0.00
drill  0.000000
shape_offset  0.000000  0.000000
$EndPAD
$PAD "1"
Shape Rect Layer back
position -0.750000  0.649999  size  1.000000  0.400000  orientation 0.00
drill  0.000000
shape_offset  0.000000  0.000000
$EndPAD
$EndMODULE  U4

$MODULE "U3"
reference "U3"
value "TCS34725FN"
footprint "AMS_TCS34725FN:AMS-TCS34725FN-MFG"
attribut smd
position 188.400000 97.500000  orientation 0.00
layer back
$PAD "6"
Shape CustomShape Layer back
position  0.750000  0.649999  size  0.400000  0.400000  orientation 0.00
drill  0.000000
shape_offset  0.000000  0.000000
$EndPAD
$PAD "5"
Shape CustomShape Layer back
position  0.750000 -0.000001  size  0.400000  0.400000  orientation 0.00
drill  0.000000
shape_offset  0.000000  0.000000
$EndPAD
$PAD "4"
Shape CustomShape Layer back
position  0.750000 -0.650001  size  0.400000  0.400000  orientation 0.00
drill  0.000000
shape_offset  0.000000  0.000000
$EndPAD
$PAD "3"
Shape CustomShape Layer back
position -0.750000 -0.650001  size  0.400000  0.400000  orientation 0.00
drill  0.000000
shape_offset  0.000000  0.000000
$EndPAD
$PAD "2"
Shape CustomShape Layer back
position -0.750000 -0.000001  size  0.400000  0.400000  orientation 0.00
drill  0.000000
shape_offset  0.000000  0.000000
$EndPAD
$PAD "1"
Shape Rect Layer back
position -0.750000  0.649999  size  1.000000  0.400000  orientation 0.00
drill  0.000000
shape_offset  0.000000  0.000000
$EndPAD
$EndMODULE  U3

$MODULE "U2"
reference "U2"
value "TCS34725FN"
footprint "AMS_TCS34725FN:AMS-TCS34725FN-MFG"
attribut smd
position 208.400000 97.500000  orientation 0.00
layer back
$PAD "6"
Shape CustomShape Layer back
position  0.750000  0.649999  size  0.400000  0.400000  orientation 0.00
drill  0.000000
shape_offset  0.000000  0.000000
$EndPAD
$PAD "5"
Shape CustomShape Layer back
position  0.750000 -0.000001  size  0.400000  0.400000  orientation 0.00
drill  0.000000
shape_offset  0.000000  0.000000
$EndPAD
$PAD "4"
Shape CustomShape Layer back
position  0.750000 -0.650001  size  0.400000  0.400000  orientation 0.00
drill  0.000000
shape_offset  0.000000  0.000000
$EndPAD
$PAD "3"
Shape CustomShape Layer back
position -0.750000 -0.650001  size  0.400000  0.400000  orientation 0.00
drill  0.000000
shape_offset  0.000000  0.000000
$EndPAD
$PAD "2"
Shape CustomShape Layer back
position -0.750000 -0.000001  size  0.400000  0.400000  orientation 0.00
drill  0.000000
shape_offset  0.000000  0.000000
$EndPAD
$PAD "1"
Shape Rect Layer back
position -0.750000  0.649999  size  1.000000  0.400000  orientation 0.00
drill  0.000000
shape_offset  0.000000  0.000000
$EndPAD
$EndMODULE  U2

$MODULE "U1"
reference "U1"
value "TCS34725FN"
footprint "AMS_TCS34725FN:AMS-TCS34725FN-MFG"
attribut smd
position 228.400000 97.500000  orientation 0.00
layer back
$PAD "6"
Shape CustomShape Layer back
position  0.750000  0.649999  size  0.400000  0.400000  orientation 0.00
drill  0.000000
shape_offset  0.000000  0.000000
$EndPAD
$PAD "5"
Shape CustomShape Layer back
position  0.750000 -0.000001  size  0.400000  0.400000  orientation 0.00
drill  0.000000
shape_offset  0.000000  0.000000
$EndPAD
$PAD "4"
Shape CustomShape Layer back
position  0.750000 -0.650001  size  0.400000  0.400000  orientation 0.00
drill  0.000000
shape_offset  0.000000  0.000000
$EndPAD
$PAD "3"
Shape CustomShape Layer back
position -0.750000 -0.650001  size  0.400000  0.400000  orientation 0.00
drill  0.000000
shape_offset  0.000000  0.000000
$EndPAD
$PAD "2"
Shape CustomShape Layer back
position -0.750000 -0.000001  size  0.400000  0.400000  orientation 0.00
drill  0.000000
shape_offset  0.000000  0.000000
$EndPAD
$PAD "1"
Shape Rect Layer back
position -0.750000  0.649999  size  1.000000  0.400000  orientation 0.00
drill  0.000000
shape_offset  0.000000  0.000000
$EndPAD
$EndMODULE  U1

$MODULE "J1"
reference "J1"
value "Conn_01x20_Male"
footprint "Connector_PinHeader_2.00mm:PinHeader_2x10_P2.00mm_Horizontal"
attribut none
position 92.400000 106.500000  orientation 180.00
layer front
$PAD "20"
Shape Oval Layer both
position  2.000000 18.000000  size  1.350000  1.350000  orientation 0.00
drill  0.800000
shape_offset  0.000000  0.000000
$EndPAD
$PAD "19"
Shape Oval Layer both
position  0.000000 18.000000  size  1.350000  1.350000  orientation 0.00
drill  0.800000
shape_offset  0.000000  0.000000
$EndPAD
$PAD "18"
Shape Oval Layer both
position  2.000000 16.000000  size  1.350000  1.350000  orientation 0.00
drill  0.800000
shape_offset  0.000000  0.000000
$EndPAD
$PAD "17"
Shape Oval Layer both
position  0.000000 16.000000  size  1.350000  1.350000  orientation 0.00
drill  0.800000
shape_offset  0.000000  0.000000
$EndPAD
$PAD "16"
Shape Oval Layer both
position  2.000000 14.000000  size  1.350000  1.350000  orientation 0.00
drill  0.800000
shape_offset  0.000000  0.000000
$EndPAD
$PAD "15"
Shape Oval Layer both
position  0.000000 14.000000  size  1.350000  1.350000  orientation 0.00
drill  0.800000
shape_offset  0.000000  0.000000
$EndPAD
$PAD "14"
Shape Oval Layer both
position  2.000000 12.000000  size  1.350000  1.350000  orientation 0.00
drill  0.800000
shape_offset  0.000000  0.000000
$EndPAD
$PAD "13"
Shape Oval Layer both
position  0.000000 12.000000  size  1.350000  1.350000  orientation 0.00
drill  0.800000
shape_offset  0.000000  0.000000
$EndPAD
$PAD "12"
Shape Oval Layer both
position  2.000000 10.000000  size  1.350000  1.350000  orientation 0.00
drill  0.800000
shape_offset  0.000000  0.000000
$EndPAD
$PAD "11"
Shape Oval Layer both
position  0.000000 10.000000  size  1.350000  1.350000  orientation 0.00
drill  0.800000
shape_offset  0.000000  0.000000
$EndPAD
$PAD "10"
Shape Oval Layer both
position  2.000000  8.000000  size  1.350000  1.350000  orientation 0.00
drill  0.800000
shape_offset  0.000000  0.000000
$EndPAD
$PAD "9"
Shape Oval Layer both
position  0.000000  8.000000  size  1.350000  1.350000  orientation 0.00
drill  0.800000
shape_offset  0.000000  0.000000
$EndPAD
$PAD "8"
Shape Oval Layer both
position  2.000000  6.000000  size  1.350000  1.350000  orientation 0.00
drill  0.800000
shape_offset  0.000000  0.000000
$EndPAD
$PAD "7"
Shape Oval Layer both
position  0.000000  6.000000  size  1.350000  1.350000  orientation 0.00
drill  0.800000
shape_offset  0.000000  0.000000
$EndPAD
$PAD "6"
Shape Oval Layer both
position  2.000000  4.000000  size  1.350000  1.350000  orientation 0.00
drill  0.800000
shape_offset  0.000000  0.000000
$EndPAD
$PAD "5"
Shape Oval Layer both
position  0.000000  4.000000  size  1.350000  1.350000  orientation 0.00
drill  0.800000
shape_offset  0.000000  0.000000
$EndPAD
$PAD "4"
Shape Oval Layer both
position  2.000000  2.000000  size  1.350000  1.350000  orientation 0.00
drill  0.800000
shape_offset  0.000000  0.000000
$EndPAD
$PAD "3"
Shape Oval Layer both
position  0.000000  2.000000  size  1.350000  1.350000  orientation 0.00
drill  0.800000
shape_offset  0.000000  0.000000
$EndPAD
$PAD "2"
Shape Oval Layer both
position  2.000000  0.000000  size  1.350000  1.350000  orientation 0.00
drill  0.800000
shape_offset  0.000000  0.000000
$EndPAD
$PAD "1"
Shape Rect Layer both
position  0.000000  0.000000  size  1.350000  1.350000  orientation 0.00
drill  0.800000
shape_offset  0.000000  0.000000
$EndPAD
$EndMODULE  J1

$MODULE "R25"
reference "R25"
value "10k"
footprint "Resistor_SMD:R_0603_1608Metric_Pad0.98x0.95mm_HandSolder"
attribut smd
position 136.400000 97.500000  orientation 270.00
layer front
$PAD "2"
Shape Roundrect Layer front
position  0.912500  0.000000  size  0.975000  0.950000  orientation 0.00
drill  0.000000
shape_offset  0.000000  0.000000
$EndPAD
$PAD "1"
Shape Roundrect Layer front
position -0.912500  0.000000  size  0.975000  0.950000  orientation 0.00
drill  0.000000
shape_offset  0.000000  0.000000
$EndPAD
$EndMODULE  R25

$MODULE "R24"
reference "R24"
value "330"
footprint "Resistor_SMD:R_0603_1608Metric_Pad0.98x0.95mm_HandSolder"
attribut smd
position 142.400000 93.500000  orientation 180.00
layer front
$PAD "2"
Shape Roundrect Layer front
position  0.912500  0.000000  size  0.975000  0.950000  orientation 0.00
drill  0.000000
shape_offset  0.000000  0.000000
$EndPAD
$PAD "1"
Shape Roundrect Layer front
position -0.912500  0.000000  size  0.975000  0.950000  orientation 0.00
drill  0.000000
shape_offset  0.000000  0.000000
$EndPAD
$EndMODULE  R24

$MODULE "R23"
reference "R23"
value "330"
footprint "Resistor_SMD:R_0603_1608Metric_Pad0.98x0.95mm_HandSolder"
attribut smd
position 142.400000 101.500000  orientation 180.00
layer front
$PAD "2"
Shape Roundrect Layer front
position  0.912500  0.000000  size  0.975000  0.950000  orientation 0.00
drill  0.000000
shape_offset  0.000000  0.000000
$EndPAD
$PAD "1"
Shape Roundrect Layer front
position -0.912500  0.000000  size  0.975000  0.950000  orientation 0.00
drill  0.000000
shape_offset  0.000000  0.000000
$EndPAD
$EndMODULE  R23

$MODULE "R22"
reference "R22"
value "3k3"
footprint "Resistor_SMD:R_0603_1608Metric_Pad0.98x0.95mm_HandSolder"
attribut smd
position 145.300000 97.500000  orientation 90.00
layer front
$PAD "2"
Shape Roundrect Layer front
position  0.912500  0.000000  size  0.975000  0.950000  orientation 0.00
drill  0.000000
shape_offset  0.000000  0.000000
$EndPAD
$PAD "1"
Shape Roundrect Layer front
position -0.912500  0.000000  size  0.975000  0.950000  orientation 0.00
drill  0.000000
shape_offset  0.000000  0.000000
$EndPAD
$EndMODULE  R22

$MODULE "R21"
reference "R21"
value "3k3"
footprint "Resistor_SMD:R_0603_1608Metric_Pad0.98x0.95mm_HandSolder"
attribut smd
position 143.800000 97.500000  orientation 90.00
layer front
$PAD "2"
Shape Roundrect Layer front
position  0.912500  0.000000  size  0.975000  0.950000  orientation 0.00
drill  0.000000
shape_offset  0.000000  0.000000
$EndPAD
$PAD "1"
Shape Roundrect Layer front
position -0.912500  0.000000  size  0.975000  0.950000  orientation 0.00
drill  0.000000
shape_offset  0.000000  0.000000
$EndPAD
$EndMODULE  R21

$MODULE "R20"
reference "R20"
value "10k"
footprint "Resistor_SMD:R_0603_1608Metric_Pad0.98x0.95mm_HandSolder"
attribut smd
position 156.400000 97.500000  orientation 270.00
layer front
$PAD "2"
Shape Roundrect Layer front
position  0.912500  0.000000  size  0.975000  0.950000  orientation 0.00
drill  0.000000
shape_offset  0.000000  0.000000
$EndPAD
$PAD "1"
Shape Roundrect Layer front
position -0.912500  0.000000  size  0.975000  0.950000  orientation 0.00
drill  0.000000
shape_offset  0.000000  0.000000
$EndPAD
$EndMODULE  R20

$MODULE "R19"
reference "R19"
value "330"
footprint "Resistor_SMD:R_0603_1608Metric_Pad0.98x0.95mm_HandSolder"
attribut smd
position 162.400000 93.500000  orientation 180.00
layer front
$PAD "2"
Shape Roundrect Layer front
position  0.912500  0.000000  size  0.975000  0.950000  orientation 0.00
drill  0.000000
shape_offset  0.000000  0.000000
$EndPAD
$PAD "1"
Shape Roundrect Layer front
position -0.912500  0.000000  size  0.975000  0.950000  orientation 0.00
drill  0.000000
shape_offset  0.000000  0.000000
$EndPAD
$EndMODULE  R19

$MODULE "R18"
reference "R18"
value "330"
footprint "Resistor_SMD:R_0603_1608Metric_Pad0.98x0.95mm_HandSolder"
attribut smd
position 162.400000 101.500000  orientation 180.00
layer front
$PAD "2"
Shape Roundrect Layer front
position  0.912500  0.000000  size  0.975000  0.950000  orientation 0.00
drill  0.000000
shape_offset  0.000000  0.000000
$EndPAD
$PAD "1"
Shape Roundrect Layer front
position -0.912500  0.000000  size  0.975000  0.950000  orientation 0.00
drill  0.000000
shape_offset  0.000000  0.000000
$EndPAD
$EndMODULE  R18

$MODULE "R17"
reference "R17"
value "3k3"
footprint "Resistor_SMD:R_0603_1608Metric_Pad0.98x0.95mm_HandSolder"
attribut smd
position 165.500000 97.500000  orientation 90.00
layer front
$PAD "2"
Shape Roundrect Layer front
position  0.912500  0.000000  size  0.975000  0.950000  orientation 0.00
drill  0.000000
shape_offset  0.000000  0.000000
$EndPAD
$PAD "1"
Shape Roundrect Layer front
position -0.912500  0.000000  size  0.975000  0.950000  orientation 0.00
drill  0.000000
shape_offset  0.000000  0.000000
$EndPAD
$EndMODULE  R17

$MODULE "R16"
reference "R16"
value "3k3"
footprint "Resistor_SMD:R_0603_1608Metric_Pad0.98x0.95mm_HandSolder"
attribut smd
position 164.000000 97.500000  orientation 90.00
layer front
$PAD "2"
Shape Roundrect Layer front
position  0.912500  0.000000  size  0.975000  0.950000  orientation 0.00
drill  0.000000
shape_offset  0.000000  0.000000
$EndPAD
$PAD "1"
Shape Roundrect Layer front
position -0.912500  0.000000  size  0.975000  0.950000  orientation 0.00
drill  0.000000
shape_offset  0.000000  0.000000
$EndPAD
$EndMODULE  R16

$MODULE "R15"
reference "R15"
value "10k"
footprint "Resistor_SMD:R_0603_1608Metric_Pad0.98x0.95mm_HandSolder"
attribut smd
position 176.400000 97.500000  orientation 270.00
layer front
$PAD "2"
Shape Roundrect Layer front
position  0.912500  0.000000  size  0.975000  0.950000  orientation 0.00
drill  0.000000
shape_offset  0.000000  0.000000
$EndPAD
$PAD "1"
Shape Roundrect Layer front
position -0.912500  0.000000  size  0.975000  0.950000  orientation 0.00
drill  0.000000
shape_offset  0.000000  0.000000
$EndPAD
$EndMODULE  R15

$MODULE "R14"
reference "R14"
value "330"
footprint "Resistor_SMD:R_0603_1608Metric_Pad0.98x0.95mm_HandSolder"
attribut smd
position 182.400000 93.500000  orientation 180.00
layer front
$PAD "2"
Shape Roundrect Layer front
position  0.912500  0.000000  size  0.975000  0.950000  orientation 0.00
drill  0.000000
shape_offset  0.000000  0.000000
$EndPAD
$PAD "1"
Shape Roundrect Layer front
position -0.912500  0.000000  size  0.975000  0.950000  orientation 0.00
drill  0.000000
shape_offset  0.000000  0.000000
$EndPAD
$EndMODULE  R14

$MODULE "R13"
reference "R13"
value "330"
footprint "Resistor_SMD:R_0603_1608Metric_Pad0.98x0.95mm_HandSolder"
attribut smd
position 182.400000 101.500000  orientation 180.00
layer front
$PAD "2"
Shape Roundrect Layer front
position  0.912500  0.000000  size  0.975000  0.950000  orientation 0.00
drill  0.000000
shape_offset  0.000000  0.000000
$EndPAD
$PAD "1"
Shape Roundrect Layer front
position -0.912500  0.000000  size  0.975000  0.950000  orientation 0.00
drill  0.000000
shape_offset  0.000000  0.000000
$EndPAD
$EndMODULE  R13

$MODULE "R12"
reference "R12"
value "3k3"
footprint "Resistor_SMD:R_0603_1608Metric_Pad0.98x0.95mm_HandSolder"
attribut smd
position 185.200000 97.500000  orientation 90.00
layer front
$PAD "2"
Shape Roundrect Layer front
position  0.912500  0.000000  size  0.975000  0.950000  orientation 0.00
drill  0.000000
shape_offset  0.000000  0.000000
$EndPAD
$PAD "1"
Shape Roundrect Layer front
position -0.912500  0.000000  size  0.975000  0.950000  orientation 0.00
drill  0.000000
shape_offset  0.000000  0.000000
$EndPAD
$EndMODULE  R12

$MODULE "R11"
reference "R11"
value "3k3"
footprint "Resistor_SMD:R_0603_1608Metric_Pad0.98x0.95mm_HandSolder"
attribut smd
position 183.700000 97.500000  orientation 90.00
layer front
$PAD "2"
Shape Roundrect Layer front
position  0.912500  0.000000  size  0.975000  0.950000  orientation 0.00
drill  0.000000
shape_offset  0.000000  0.000000
$EndPAD
$PAD "1"
Shape Roundrect Layer front
position -0.912500  0.000000  size  0.975000  0.950000  orientation 0.00
drill  0.000000
shape_offset  0.000000  0.000000
$EndPAD
$EndMODULE  R11

$MODULE "R10"
reference "R10"
value "10k"
footprint "Resistor_SMD:R_0603_1608Metric_Pad0.98x0.95mm_HandSolder"
attribut smd
position 196.400000 97.500000  orientation 270.00
layer front
$PAD "2"
Shape Roundrect Layer front
position  0.912500  0.000000  size  0.975000  0.950000  orientation 0.00
drill  0.000000
shape_offset  0.000000  0.000000
$EndPAD
$PAD "1"
Shape Roundrect Layer front
position -0.912500  0.000000  size  0.975000  0.950000  orientation 0.00
drill  0.000000
shape_offset  0.000000  0.000000
$EndPAD
$EndMODULE  R10

$MODULE "R9"
reference "R9"
value "330"
footprint "Resistor_SMD:R_0603_1608Metric_Pad0.98x0.95mm_HandSolder"
attribut smd
position 202.400000 93.500000  orientation 180.00
layer front
$PAD "2"
Shape Roundrect Layer front
position  0.912500  0.000000  size  0.975000  0.950000  orientation 0.00
drill  0.000000
shape_offset  0.000000  0.000000
$EndPAD
$PAD "1"
Shape Roundrect Layer front
position -0.912500  0.000000  size  0.975000  0.950000  orientation 0.00
drill  0.000000
shape_offset  0.000000  0.000000
$EndPAD
$EndMODULE  R9

$MODULE "R8"
reference "R8"
value "330"
footprint "Resistor_SMD:R_0603_1608Metric_Pad0.98x0.95mm_HandSolder"
attribut smd
position 202.312500 101.500000  orientation 180.00
layer front
$PAD "2"
Shape Roundrect Layer front
position  0.912500  0.000000  size  0.975000  0.950000  orientation 0.00
drill  0.000000
shape_offset  0.000000  0.000000
$EndPAD
$PAD "1"
Shape Roundrect Layer front
position -0.912500  0.000000  size  0.975000  0.950000  orientation 0.00
drill  0.000000
shape_offset  0.000000  0.000000
$EndPAD
$EndMODULE  R8

$MODULE "R7"
reference "R7"
value "3k3"
footprint "Resistor_SMD:R_0603_1608Metric_Pad0.98x0.95mm_HandSolder"
attribut smd
position 205.200000 97.500000  orientation 90.00
layer front
$PAD "2"
Shape Roundrect Layer front
position  0.912500  0.000000  size  0.975000  0.950000  orientation 0.00
drill  0.000000
shape_offset  0.000000  0.000000
$EndPAD
$PAD "1"
Shape Roundrect Layer front
position -0.912500  0.000000  size  0.975000  0.950000  orientation 0.00
drill  0.000000
shape_offset  0.000000  0.000000
$EndPAD
$EndMODULE  R7

$MODULE "R6"
reference "R6"
value "3k3"
footprint "Resistor_SMD:R_0603_1608Metric_Pad0.98x0.95mm_HandSolder"
attribut smd
position 203.700000 97.500000  orientation 90.00
layer front
$PAD "2"
Shape Roundrect Layer front
position  0.912500  0.000000  size  0.975000  0.950000  orientation 0.00
drill  0.000000
shape_offset  0.000000  0.000000
$EndPAD
$PAD "1"
Shape Roundrect Layer front
position -0.912500  0.000000  size  0.975000  0.950000  orientation 0.00
drill  0.000000
shape_offset  0.000000  0.000000
$EndPAD
$EndMODULE  R6

$MODULE "R4"
reference "R4"
value "330"
footprint "Resistor_SMD:R_0603_1608Metric_Pad0.98x0.95mm_HandSolder"
attribut smd
position 222.400000 93.500000  orientation 180.00
layer front
$PAD "2"
Shape Roundrect Layer front
position  0.912500  0.000000  size  0.975000  0.950000  orientation 0.00
drill  0.000000
shape_offset  0.000000  0.000000
$EndPAD
$PAD "1"
Shape Roundrect Layer front
position -0.912500  0.000000  size  0.975000  0.950000  orientation 0.00
drill  0.000000
shape_offset  0.000000  0.000000
$EndPAD
$EndMODULE  R4

$MODULE "R3"
reference "R3"
value "330"
footprint "Resistor_SMD:R_0603_1608Metric_Pad0.98x0.95mm_HandSolder"
attribut smd
position 222.400000 101.500000  orientation 180.00
layer front
$PAD "2"
Shape Roundrect Layer front
position  0.912500  0.000000  size  0.975000  0.950000  orientation 0.00
drill  0.000000
shape_offset  0.000000  0.000000
$EndPAD
$PAD "1"
Shape Roundrect Layer front
position -0.912500  0.000000  size  0.975000  0.950000  orientation 0.00
drill  0.000000
shape_offset  0.000000  0.000000
$EndPAD
$EndMODULE  R3

$MODULE "R5"
reference "R5"
value "10k"
footprint "Resistor_SMD:R_0603_1608Metric_Pad0.98x0.95mm_HandSolder"
attribut smd
position 216.400000 97.500000  orientation 270.00
layer front
$PAD "2"
Shape Roundrect Layer front
position  0.912500  0.000000  size  0.975000  0.950000  orientation 0.00
drill  0.000000
shape_offset  0.000000  0.000000
$EndPAD
$PAD "1"
Shape Roundrect Layer front
position -0.912500  0.000000  size  0.975000  0.950000  orientation 0.00
drill  0.000000
shape_offset  0.000000  0.000000
$EndPAD
$EndMODULE  R5

$MODULE "R2"
reference "R2"
value "3k3"
footprint "Resistor_SMD:R_0603_1608Metric_Pad0.98x0.95mm_HandSolder"
attribut smd
position 225.100000 97.500000  orientation 90.00
layer front
$PAD "2"
Shape Roundrect Layer front
position  0.912500  0.000000  size  0.975000  0.950000  orientation 0.00
drill  0.000000
shape_offset  0.000000  0.000000
$EndPAD
$PAD "1"
Shape Roundrect Layer front
position -0.912500  0.000000  size  0.975000  0.950000  orientation 0.00
drill  0.000000
shape_offset  0.000000  0.000000
$EndPAD
$EndMODULE  R2

$MODULE "R1"
reference "R1"
value "3k3"
footprint "Resistor_SMD:R_0603_1608Metric_Pad0.98x0.95mm_HandSolder"
attribut smd
position 223.600000 97.500000  orientation 90.00
layer front
$PAD "2"
Shape Roundrect Layer front
position  0.912500  0.000000  size  0.975000  0.950000  orientation 0.00
drill  0.000000
shape_offset  0.000000  0.000000
$EndPAD
$PAD "1"
Shape Roundrect Layer front
position -0.912500  0.000000  size  0.975000  0.950000  orientation 0.00
drill  0.000000
shape_offset  0.000000  0.000000
$EndPAD
$EndMODULE  R1

$MODULE "Q5"
reference "Q5"
value "2N7002"
footprint "Package_TO_SOT_SMD:SOT-23"
attribut smd
position 139.400000 97.500000  orientation 0.00
layer front
$PAD "3"
Shape Rect Layer front
position  1.000000  0.000000  size  0.900000  0.800000  orientation 0.00
drill  0.000000
shape_offset  0.000000  0.000000
$EndPAD
$PAD "2"
Shape Rect Layer front
position -1.000000  0.950000  size  0.900000  0.800000  orientation 0.00
drill  0.000000
shape_offset  0.000000  0.000000
$EndPAD
$PAD "1"
Shape Rect Layer front
position -1.000000 -0.950000  size  0.900000  0.800000  orientation 0.00
drill  0.000000
shape_offset  0.000000  0.000000
$EndPAD
$EndMODULE  Q5

$MODULE "Q4"
reference "Q4"
value "2N7002"
footprint "Package_TO_SOT_SMD:SOT-23"
attribut smd
position 159.400000 97.500000  orientation 0.00
layer front
$PAD "3"
Shape Rect Layer front
position  1.000000  0.000000  size  0.900000  0.800000  orientation 0.00
drill  0.000000
shape_offset  0.000000  0.000000
$EndPAD
$PAD "2"
Shape Rect Layer front
position -1.000000  0.950000  size  0.900000  0.800000  orientation 0.00
drill  0.000000
shape_offset  0.000000  0.000000
$EndPAD
$PAD "1"
Shape Rect Layer front
position -1.000000 -0.950000  size  0.900000  0.800000  orientation 0.00
drill  0.000000
shape_offset  0.000000  0.000000
$EndPAD
$EndMODULE  Q4

$MODULE "Q3"
reference "Q3"
value "2N7002"
footprint "Package_TO_SOT_SMD:SOT-23"
attribut smd
position 179.400000 97.500000  orientation 0.00
layer front
$PAD "3"
Shape Rect Layer front
position  1.000000  0.000000  size  0.900000  0.800000  orientation 0.00
drill  0.000000
shape_offset  0.000000  0.000000
$EndPAD
$PAD "2"
Shape Rect Layer front
position -1.000000  0.950000  size  0.900000  0.800000  orientation 0.00
drill  0.000000
shape_offset  0.000000  0.000000
$EndPAD
$PAD "1"
Shape Rect Layer front
position -1.000000 -0.950000  size  0.900000  0.800000  orientation 0.00
drill  0.000000
shape_offset  0.000000  0.000000
$EndPAD
$EndMODULE  Q3

$MODULE "Q2"
reference "Q2"
value "2N7002"
footprint "Package_TO_SOT_SMD:SOT-23"
attribut smd
position 199.400000 97.500000  orientation 0.00
layer front
$PAD "3"
Shape Rect Layer front
position  1.000000  0.000000  size  0.900000  0.800000  orientation 0.00
drill  0.000000
shape_offset  0.000000  0.000000
$EndPAD
$PAD "2"
Shape Rect Layer front
position -1.000000  0.950000  size  0.900000  0.800000  orientation 0.00
drill  0.000000
shape_offset  0.000000  0.000000
$EndPAD
$PAD "1"
Shape Rect Layer front
position -1.000000 -0.950000  size  0.900000  0.800000  orientation 0.00
drill  0.000000
shape_offset  0.000000  0.000000
$EndPAD
$EndMODULE  Q2

$MODULE "Q1"
reference "Q1"
value "2N7002"
footprint "Package_TO_SOT_SMD:SOT-23"
attribut smd
position 219.400000 97.500000  orientation 0.00
layer front
$PAD "3"
Shape Rect Layer front
position  1.000000  0.000000  size  0.900000  0.800000  orientation 0.00
drill  0.000000
shape_offset  0.000000  0.000000
$EndPAD
$PAD "2"
Shape Rect Layer front
position -1.000000  0.950000  size  0.900000  0.800000  orientation 0.00
drill  0.000000
shape_offset  0.000000  0.000000
$EndPAD
$PAD "1"
Shape Rect Layer front
position -1.000000 -0.950000  size  0.900000  0.800000  orientation 0.00
drill  0.000000
shape_offset  0.000000  0.000000
$EndPAD
$EndMODULE  Q1

$MODULE "D10"
reference "D10"
value "LED"
footprint "Diode_SMD:D_0603_1608Metric_Castellated"
attribut smd
position 148.400000 93.500000  orientation 0.00
layer back
$PAD "2"
Shape Roundrect Layer back
position  0.812500  0.000000  size  1.225000  0.850000  orientation 0.00
drill  0.000000
shape_offset  0.000000  0.000000
$EndPAD
$PAD "1"
Shape Roundrect Layer back
position -0.812500  0.000000  size  1.225000  0.850000  orientation 0.00
drill  0.000000
shape_offset  0.000000  0.000000
$EndPAD
$EndMODULE  D10

$MODULE "D9"
reference "D9"
value "LED"
footprint "Diode_SMD:D_0603_1608Metric_Castellated"
attribut smd
position 148.400000 101.500000  orientation 0.00
layer back
$PAD "2"
Shape Roundrect Layer back
position  0.812500  0.000000  size  1.225000  0.850000  orientation 0.00
drill  0.000000
shape_offset  0.000000  0.000000
$EndPAD
$PAD "1"
Shape Roundrect Layer back
position -0.812500  0.000000  size  1.225000  0.850000  orientation 0.00
drill  0.000000
shape_offset  0.000000  0.000000
$EndPAD
$EndMODULE  D9

$MODULE "D8"
reference "D8"
value "LED"
footprint "Diode_SMD:D_0603_1608Metric_Castellated"
attribut smd
position 168.400000 93.500000  orientation 0.00
layer back
$PAD "2"
Shape Roundrect Layer back
position  0.812500  0.000000  size  1.225000  0.850000  orientation 0.00
drill  0.000000
shape_offset  0.000000  0.000000
$EndPAD
$PAD "1"
Shape Roundrect Layer back
position -0.812500  0.000000  size  1.225000  0.850000  orientation 0.00
drill  0.000000
shape_offset  0.000000  0.000000
$EndPAD
$EndMODULE  D8

$MODULE "D7"
reference "D7"
value "LED"
footprint "Diode_SMD:D_0603_1608Metric_Castellated"
attribut smd
position 168.400000 101.500000  orientation 0.00
layer back
$PAD "2"
Shape Roundrect Layer back
position  0.812500  0.000000  size  1.225000  0.850000  orientation 0.00
drill  0.000000
shape_offset  0.000000  0.000000
$EndPAD
$PAD "1"
Shape Roundrect Layer back
position -0.812500  0.000000  size  1.225000  0.850000  orientation 0.00
drill  0.000000
shape_offset  0.000000  0.000000
$EndPAD
$EndMODULE  D7

$MODULE "D6"
reference "D6"
value "LED"
footprint "Diode_SMD:D_0603_1608Metric_Castellated"
attribut smd
position 188.587500 93.500000  orientation 0.00
layer back
$PAD "2"
Shape Roundrect Layer back
position  0.812500  0.000000  size  1.225000  0.850000  orientation 0.00
drill  0.000000
shape_offset  0.000000  0.000000
$EndPAD
$PAD "1"
Shape Roundrect Layer back
position -0.812500  0.000000  size  1.225000  0.850000  orientation 0.00
drill  0.000000
shape_offset  0.000000  0.000000
$EndPAD
$EndMODULE  D6

$MODULE "D5"
reference "D5"
value "LED"
footprint "Diode_SMD:D_0603_1608Metric_Castellated"
attribut smd
position 188.400000 101.500000  orientation 0.00
layer back
$PAD "2"
Shape Roundrect Layer back
position  0.812500  0.000000  size  1.225000  0.850000  orientation 0.00
drill  0.000000
shape_offset  0.000000  0.000000
$EndPAD
$PAD "1"
Shape Roundrect Layer back
position -0.812500  0.000000  size  1.225000  0.850000  orientation 0.00
drill  0.000000
shape_offset  0.000000  0.000000
$EndPAD
$EndMODULE  D5

$MODULE "D4"
reference "D4"
value "LED"
footprint "Diode_SMD:D_0603_1608Metric_Castellated"
attribut smd
position 208.400000 93.500000  orientation 0.00
layer back
$PAD "2"
Shape Roundrect Layer back
position  0.812500  0.000000  size  1.225000  0.850000  orientation 0.00
drill  0.000000
shape_offset  0.000000  0.000000
$EndPAD
$PAD "1"
Shape Roundrect Layer back
position -0.812500  0.000000  size  1.225000  0.850000  orientation 0.00
drill  0.000000
shape_offset  0.000000  0.000000
$EndPAD
$EndMODULE  D4

$MODULE "D3"
reference "D3"
value "LED"
footprint "Diode_SMD:D_0603_1608Metric_Castellated"
attribut smd
position 208.400000 101.500000  orientation 0.00
layer back
$PAD "2"
Shape Roundrect Layer back
position  0.812500  0.000000  size  1.225000  0.850000  orientation 0.00
drill  0.000000
shape_offset  0.000000  0.000000
$EndPAD
$PAD "1"
Shape Roundrect Layer back
position -0.812500  0.000000  size  1.225000  0.850000  orientation 0.00
drill  0.000000
shape_offset  0.000000  0.000000
$EndPAD
$EndMODULE  D3

$MODULE "D2"
reference "D2"
value "LED"
footprint "Diode_SMD:D_0603_1608Metric_Castellated"
attribut smd
position 228.400000 93.500000  orientation 0.00
layer back
$PAD "2"
Shape Roundrect Layer back
position  0.812500  0.000000  size  1.225000  0.850000  orientation 0.00
drill  0.000000
shape_offset  0.000000  0.000000
$EndPAD
$PAD "1"
Shape Roundrect Layer back
position -0.812500  0.000000  size  1.225000  0.850000  orientation 0.00
drill  0.000000
shape_offset  0.000000  0.000000
$EndPAD
$EndMODULE  D2

$MODULE "D1"
reference "D1"
value "LED"
footprint "Diode_SMD:D_0603_1608Metric_Castellated"
attribut smd
position 228.400000 101.500000  orientation 0.00
layer back
$PAD "2"
Shape Roundrect Layer back
position  0.812500  0.000000  size  1.225000  0.850000  orientation 0.00
drill  0.000000
shape_offset  0.000000  0.000000
$EndPAD
$PAD "1"
Shape Roundrect Layer back
position -0.812500  0.000000  size  1.225000  0.850000  orientation 0.00
drill  0.000000
shape_offset  0.000000  0.000000
$EndPAD
$EndMODULE  D1

$MODULE "C5"
reference "C5"
value "100n"
footprint "Capacitor_SMD:C_0603_1608Metric_Pad1.08x0.95mm_HandSolder"
attribut smd
position 147.900000 97.500000  orientation 90.00
layer front
$PAD "2"
Shape Roundrect Layer front
position  0.862500  0.000000  size  1.075000  0.950000  orientation 0.00
drill  0.000000
shape_offset  0.000000  0.000000
$EndPAD
$PAD "1"
Shape Roundrect Layer front
position -0.862500  0.000000  size  1.075000  0.950000  orientation 0.00
drill  0.000000
shape_offset  0.000000  0.000000
$EndPAD
$EndMODULE  C5

$MODULE "C4"
reference "C4"
value "100n"
footprint "Capacitor_SMD:C_0603_1608Metric_Pad1.08x0.95mm_HandSolder"
attribut smd
position 167.900000 97.500000  orientation 90.00
layer front
$PAD "2"
Shape Roundrect Layer front
position  0.862500  0.000000  size  1.075000  0.950000  orientation 0.00
drill  0.000000
shape_offset  0.000000  0.000000
$EndPAD
$PAD "1"
Shape Roundrect Layer front
position -0.862500  0.000000  size  1.075000  0.950000  orientation 0.00
drill  0.000000
shape_offset  0.000000  0.000000
$EndPAD
$EndMODULE  C4

$MODULE "C3"
reference "C3"
value "100n"
footprint "Capacitor_SMD:C_0603_1608Metric_Pad1.08x0.95mm_HandSolder"
attribut smd
position 187.900000 97.400000  orientation 90.00
layer front
$PAD "2"
Shape Roundrect Layer front
position  0.862500  0.000000  size  1.075000  0.950000  orientation 0.00
drill  0.000000
shape_offset  0.000000  0.000000
$EndPAD
$PAD "1"
Shape Roundrect Layer front
position -0.862500  0.000000  size  1.075000  0.950000  orientation 0.00
drill  0.000000
shape_offset  0.000000  0.000000
$EndPAD
$EndMODULE  C3

$MODULE "C2"
reference "C2"
value "100n"
footprint "Capacitor_SMD:C_0603_1608Metric_Pad1.08x0.95mm_HandSolder"
attribut smd
position 207.900000 97.500000  orientation 90.00
layer front
$PAD "2"
Shape Roundrect Layer front
position  0.862500  0.000000  size  1.075000  0.950000  orientation 0.00
drill  0.000000
shape_offset  0.000000  0.000000
$EndPAD
$PAD "1"
Shape Roundrect Layer front
position -0.862500  0.000000  size  1.075000  0.950000  orientation 0.00
drill  0.000000
shape_offset  0.000000  0.000000
$EndPAD
$EndMODULE  C2

$MODULE "C1"
reference "C1"
value "100n"
footprint "Capacitor_SMD:C_0603_1608Metric_Pad1.08x0.95mm_HandSolder"
attribut smd
position 227.900000 97.500000  orientation 90.00
layer front
$PAD "2"
Shape Roundrect Layer front
position  0.862500  0.000000  size  1.075000  0.950000  orientation 0.00
drill  0.000000
shape_offset  0.000000  0.000000
$EndPAD
$PAD "1"
Shape Roundrect Layer front
position -0.862500  0.000000  size  1.075000  0.950000  orientation 0.00
drill  0.000000
shape_offset  0.000000  0.000000
$EndPAD
$EndMODULE  C1

$EndDESCRIPTION
